[debug] [2026-02-14T16:26:37.457Z] ----------------------------------------------------------------------
[debug] [2026-02-14T16:26:37.459Z] Command:       /home/ramyar/.local/share/mise/installs/node/24.11.0/bin/node /home/ramyar/.local/share/mise/installs/node/24.11.0/bin/firebase deploy
[debug] [2026-02-14T16:26:37.459Z] CLI Version:   15.0.0
[debug] [2026-02-14T16:26:37.459Z] Platform:      linux
[debug] [2026-02-14T16:26:37.459Z] Node Version:  v24.11.0
[debug] [2026-02-14T16:26:37.459Z] Time:          Sat Feb 14 2026 16:26:37 GMT+0000 (Greenwich Mean Time)
[debug] [2026-02-14T16:26:37.460Z] ----------------------------------------------------------------------
[debug] 
[debug] [2026-02-14T16:26:38.397Z] > command requires scopes: ["email","openid","https://www.googleapis.com/auth/cloudplatformprojects.readonly","https://www.googleapis.com/auth/firebase","https://www.googleapis.com/auth/cloud-platform"]
[debug] [2026-02-14T16:26:38.398Z] > authorizing via signed-in user (ramyarburhan26@gmail.com)
[debug] [2026-02-14T16:26:38.398Z] [iam] checking project pharmacytools for permissions ["datastore.indexes.create","datastore.indexes.delete","datastore.indexes.list","datastore.indexes.update","firebase.projects.get","firebasehosting.sites.update"]
[debug] [2026-02-14T16:26:38.399Z] Checked if tokens are valid: true, expires at: 1771089114555
[debug] [2026-02-14T16:26:38.399Z] Checked if tokens are valid: true, expires at: 1771089114555
[debug] [2026-02-14T16:26:38.400Z] >>> [apiv2][query] POST https://cloudresourcemanager.googleapis.com/v1/projects/pharmacytools:testIamPermissions [none]
[debug] [2026-02-14T16:26:38.401Z] >>> [apiv2][(partial)header] POST https://cloudresourcemanager.googleapis.com/v1/projects/pharmacytools:testIamPermissions x-goog-quota-user=projects/pharmacytools
[debug] [2026-02-14T16:26:38.401Z] >>> [apiv2][body] POST https://cloudresourcemanager.googleapis.com/v1/projects/pharmacytools:testIamPermissions {"permissions":["datastore.indexes.create","datastore.indexes.delete","datastore.indexes.list","datastore.indexes.update","firebase.projects.get","firebasehosting.sites.update"]}
[debug] [2026-02-14T16:26:38.650Z] <<< [apiv2][status] POST https://cloudresourcemanager.googleapis.com/v1/projects/pharmacytools:testIamPermissions 200
[debug] [2026-02-14T16:26:38.650Z] <<< [apiv2][body] POST https://cloudresourcemanager.googleapis.com/v1/projects/pharmacytools:testIamPermissions {"permissions":["datastore.indexes.create","datastore.indexes.delete","datastore.indexes.list","datastore.indexes.update","firebase.projects.get","firebasehosting.sites.update"]}
[debug] [2026-02-14T16:26:38.650Z] Checked if tokens are valid: true, expires at: 1771089114555
[debug] [2026-02-14T16:26:38.651Z] Checked if tokens are valid: true, expires at: 1771089114555
[debug] [2026-02-14T16:26:38.651Z] >>> [apiv2][query] GET https://firebase.googleapis.com/v1beta1/projects/pharmacytools [none]
[debug] [2026-02-14T16:26:39.028Z] <<< [apiv2][status] GET https://firebase.googleapis.com/v1beta1/projects/pharmacytools 200
[debug] [2026-02-14T16:26:39.028Z] <<< [apiv2][body] GET https://firebase.googleapis.com/v1beta1/projects/pharmacytools {"projectId":"pharmacytools","projectNumber":"807028875436","displayName":"pharmacytools","name":"projects/pharmacytools","resources":{"hostingSite":"pharmacytools"},"state":"ACTIVE","etag":"1_cf069267-ff73-4883-a30c-b88216b4157e"}
[debug] [2026-02-14T16:26:40.413Z] defaultcredentials: writing to file /home/ramyar/.config/firebase/ramyarburhan26_gmail_com_application_default_credentials.json
[debug] [2026-02-14T16:26:40.414Z] Checked if tokens are valid: true, expires at: 1771089114555
[debug] [2026-02-14T16:26:40.414Z] Checked if tokens are valid: true, expires at: 1771089114555
[debug] [2026-02-14T16:26:40.414Z] >>> [apiv2][query] GET https://firebasehosting.googleapis.com/v1beta1/projects/pharmacytools/sites pageToken=&pageSize=10
[debug] [2026-02-14T16:26:41.059Z] <<< [apiv2][status] GET https://firebasehosting.googleapis.com/v1beta1/projects/pharmacytools/sites 200
[debug] [2026-02-14T16:26:41.059Z] <<< [apiv2][body] GET https://firebasehosting.googleapis.com/v1beta1/projects/pharmacytools/sites {"sites":[{"name":"projects/pharmacytools/sites/pharmacytools","defaultUrl":"https://pharmacytools.web.app","appId":"1:807028875436:web:4b2dfa7cfc3a448f16bf09","type":"DEFAULT_SITE"}]}
[debug] [2026-02-14T16:26:41.059Z] Checked if tokens are valid: true, expires at: 1771089114555
[debug] [2026-02-14T16:26:41.059Z] Checked if tokens are valid: true, expires at: 1771089114555
[debug] [2026-02-14T16:26:41.059Z] >>> [apiv2][query] GET https://firebase.googleapis.com/v1beta1/projects/-/webApps/1:807028875436:web:4b2dfa7cfc3a448f16bf09/config [none]
[debug] [2026-02-14T16:26:41.750Z] <<< [apiv2][status] GET https://firebase.googleapis.com/v1beta1/projects/-/webApps/1:807028875436:web:4b2dfa7cfc3a448f16bf09/config 200
[debug] [2026-02-14T16:26:41.750Z] <<< [apiv2][body] GET https://firebase.googleapis.com/v1beta1/projects/-/webApps/1:807028875436:web:4b2dfa7cfc3a448f16bf09/config {"projectId":"pharmacytools","appId":"1:807028875436:web:4b2dfa7cfc3a448f16bf09","storageBucket":"pharmacytools.firebasestorage.app","apiKey":"AIzaSyDfa1McjlABequLyxQIvmasFvNU3IyQXbk","authDomain":"pharmacytools.firebaseapp.com","messagingSenderId":"807028875436","measurementId":"G-04BW5CTRVC","projectNumber":"807028875436","version":"2"}
[info] 
   Thank you for trying our early preview of Next.js support on Firebase Hosting.
   During the preview, support is best-effort and breaking changes can be expected. Proceed with caution.
   The integration is known to work with Next.js version 12 - 15.0. You may encounter errors.

   Documentation: https://firebase.google.com/docs/hosting/frameworks/nextjs
   File a bug: https://github.com/firebase/firebase-tools/issues/new?template=bug_report.md
   Submit a feature request: https://github.com/firebase/firebase-tools/issues/new?template=feature_request.md

   We'd love to learn from you. Express your interest in helping us shape the future of Firebase Hosting: https://goo.gle/41enW5X

[debug] [2026-02-14T16:26:44.745Z] Checked if tokens are valid: true, expires at: 1771089114555
[debug] [2026-02-14T16:26:44.745Z] Checked if tokens are valid: true, expires at: 1771089114555
[debug] [2026-02-14T16:26:44.745Z] >>> [apiv2][query] GET https://firebasehosting.googleapis.com/v1beta1/projects/pharmacytools/sites/pharmacytools [none]
[debug] [2026-02-14T16:26:45.154Z] <<< [apiv2][status] GET https://firebasehosting.googleapis.com/v1beta1/projects/pharmacytools/sites/pharmacytools 200
[debug] [2026-02-14T16:26:45.154Z] <<< [apiv2][body] GET https://firebasehosting.googleapis.com/v1beta1/projects/pharmacytools/sites/pharmacytools {"name":"projects/pharmacytools/sites/pharmacytools","defaultUrl":"https://pharmacytools.web.app","appId":"1:807028875436:web:4b2dfa7cfc3a448f16bf09","type":"DEFAULT_SITE"}
[info] ▲ Next.js 16.1.6 (Turbopack)

[info] - Environments: .env.local


[info]   Creating an optimized production build ...

[info] ✓ Compiled successfully in 4.4s

[info]   Running TypeScript ...

[info]   Collecting page data using 7 workers ...

[info]   Generating static pages using 7 workers (0/12) ...

[info]   Generating static pages using 7 workers (3/12) 

[info]   Generating static pages using 7 workers (6/12) 

[info]   Generating static pages using 7 workers (9/12) 

[info] ✓ Generating static pages using 7 workers (12/12) in 329.5ms

[info]   Finalizing page optimization ...

[info] 

[info] Route (app)
┌ ○ /
├ ○ /_not-found
├ ƒ /api/auth/login
├ ○ /webApps/contacts
├ ○ /webApps/contacts/admin
├ ○ /webApps/contacts/admin/login
├ ○ /webApps/contacts/login
├ ○ /webApps/crclCalculator
├ ○ /webApps/palliativeLabelGenerator
└ ○ /webApps/taperCalculator


○  (Static)   prerendered as static content
ƒ  (Dynamic)  server-rendered on demand


[info] Building a Cloud Function to run this application. This is needed due to:
[info]  • non-static component /api/auth/login/route
[info] 
[debug] [2026-02-14T16:26:57.618Z] Checked if tokens are valid: true, expires at: 1771089114555
[debug] [2026-02-14T16:26:57.618Z] Checked if tokens are valid: true, expires at: 1771089114555
[debug] [2026-02-14T16:26:57.618Z] >>> [apiv2][query] GET https://firebasehosting.googleapis.com/v1beta1/projects/pharmacytools/sites/pharmacytools [none]
[debug] [2026-02-14T16:26:58.672Z] <<< [apiv2][status] GET https://firebasehosting.googleapis.com/v1beta1/projects/pharmacytools/sites/pharmacytools 200
[debug] [2026-02-14T16:26:58.672Z] <<< [apiv2][body] GET https://firebasehosting.googleapis.com/v1beta1/projects/pharmacytools/sites/pharmacytools {"name":"projects/pharmacytools/sites/pharmacytools","defaultUrl":"https://pharmacytools.web.app","appId":"1:807028875436:web:4b2dfa7cfc3a448f16bf09","type":"DEFAULT_SITE"}
[debug] [2026-02-14T16:27:01.431Z] [web frameworks] effective firebase.json:  {
  "hosting": [
    {
      "source": ".",
      "ignore": [
        "firebase.json",
        "**/.*",
        "**/node_modules/**"
      ],
      "frameworksBackend": {
        "region": "europe-west1"
      },
      "site": "pharmacytools",
      "rewrites": [
        {
          "source": "/**",
          "function": {
            "functionId": "ssrpharmacytools",
            "region": "europe-west1",
            "pinTag": true
          }
        }
      ],
      "redirects": [],
      "headers": [
        {
          "source": "/_global-error",
          "headers": [
            {
              "key": "x-nextjs-stale-time",
              "value": "300"
            },
            {
              "key": "x-nextjs-prerender",
              "value": "1"
            },
            {
              "key": "x-next-cache-tags",
              "value": "_N_T_/layout,_N_T_/_global-error/layout,_N_T_/_global-error/page,_N_T_/_global-error"
            }
          ]
        },
        {
          "source": "/_not-found",
          "headers": [
            {
              "key": "x-nextjs-stale-time",
              "value": "300"
            },
            {
              "key": "x-nextjs-prerender",
              "value": "1"
            },
            {
              "key": "x-next-cache-tags",
              "value": "_N_T_/layout,_N_T_/_not-found/layout,_N_T_/_not-found/page,_N_T_/_not-found"
            }
          ]
        },
        {
          "source": "/webApps/contacts/admin/login",
          "headers": [
            {
              "key": "x-nextjs-stale-time",
              "value": "300"
            },
            {
              "key": "x-nextjs-prerender",
              "value": "1"
            },
            {
              "key": "x-next-cache-tags",
              "value": "_N_T_/layout,_N_T_/webApps/layout,_N_T_/webApps/contacts/layout,_N_T_/webApps/contacts/admin/layout,_N_T_/webApps/contacts/admin/login/layout,_N_T_/webApps/contacts/admin/login/page,_N_T_/webApps/contacts/admin/login"
            }
          ]
        },
        {
          "source": "/webApps/contacts/admin",
          "headers": [
            {
              "key": "x-nextjs-stale-time",
              "value": "300"
            },
            {
              "key": "x-nextjs-prerender",
              "value": "1"
            },
            {
              "key": "x-next-cache-tags",
              "value": "_N_T_/layout,_N_T_/webApps/layout,_N_T_/webApps/contacts/layout,_N_T_/webApps/contacts/admin/layout,_N_T_/webApps/contacts/admin/page,_N_T_/webApps/contacts/admin"
            }
          ]
        },
        {
          "source": "/favicon.ico",
          "headers": [
            {
              "key": "cache-control",
              "value": "public, max-age=0, must-revalidate"
            },
            {
              "key": "content-type",
              "value": "image/x-icon"
            },
            {
              "key": "x-next-cache-tags",
              "value": "_N_T_/layout,_N_T_/favicon.ico/layout,_N_T_/favicon.ico/route,_N_T_/favicon.ico"
            }
          ]
        },
        {
          "source": "/webApps/contacts/login",
          "headers": [
            {
              "key": "x-nextjs-stale-time",
              "value": "300"
            },
            {
              "key": "x-nextjs-prerender",
              "value": "1"
            },
            {
              "key": "x-next-cache-tags",
              "value": "_N_T_/layout,_N_T_/webApps/layout,_N_T_/webApps/contacts/layout,_N_T_/webApps/contacts/login/layout,_N_T_/webApps/contacts/login/page,_N_T_/webApps/contacts/login"
            }
          ]
        },
        {
          "source": "/webApps/contacts",
          "headers": [
            {
              "key": "x-nextjs-stale-time",
              "value": "300"
            },
            {
              "key": "x-nextjs-prerender",
              "value": "1"
            },
            {
              "key": "x-next-cache-tags",
              "value": "_N_T_/layout,_N_T_/webApps/layout,_N_T_/webApps/contacts/layout,_N_T_/webApps/contacts/page,_N_T_/webApps/contacts"
            }
          ]
        },
        {
          "source": "/webApps/palliativeLabelGenerator",
          "headers": [
            {
              "key": "x-nextjs-stale-time",
              "value": "300"
            },
            {
              "key": "x-nextjs-prerender",
              "value": "1"
            },
            {
              "key": "x-next-cache-tags",
              "value": "_N_T_/layout,_N_T_/webApps/layout,_N_T_/webApps/palliativeLabelGenerator/layout,_N_T_/webApps/palliativeLabelGenerator/page,_N_T_/webApps/palliativeLabelGenerator"
            }
          ]
        },
        {
          "source": "/webApps/crclCalculator",
          "headers": [
            {
              "key": "x-nextjs-stale-time",
              "value": "300"
            },
            {
              "key": "x-nextjs-prerender",
              "value": "1"
            },
            {
              "key": "x-next-cache-tags",
              "value": "_N_T_/layout,_N_T_/webApps/layout,_N_T_/webApps/crclCalculator/layout,_N_T_/webApps/crclCalculator/page,_N_T_/webApps/crclCalculator"
            }
          ]
        },
        {
          "source": "/webApps/taperCalculator",
          "headers": [
            {
              "key": "x-nextjs-stale-time",
              "value": "300"
            },
            {
              "key": "x-nextjs-prerender",
              "value": "1"
            },
            {
              "key": "x-next-cache-tags",
              "value": "_N_T_/layout,_N_T_/webApps/layout,_N_T_/webApps/taperCalculator/layout,_N_T_/webApps/taperCalculator/page,_N_T_/webApps/taperCalculator"
            }
          ]
        },
        {
          "source": "/**/*.[jt]s",
          "headers": [
            {
              "key": "Set-Cookie",
              "value": "__FIREBASE_DEFAULTS__=eyJjb25maWciOnsicHJvamVjdElkIjoicGhhcm1hY3l0b29scyIsImFwcElkIjoiMTo4MDcwMjg4NzU0MzY6d2ViOjRiMmRmYTdjZmMzYTQ0OGYxNmJmMDkiLCJzdG9yYWdlQnVja2V0IjoicGhhcm1hY3l0b29scy5maXJlYmFzZXN0b3JhZ2UuYXBwIiwiYXBpS2V5IjoiQUl6YVN5RGZhMU1jamxBQmVxdUx5eFFJdm1hc0Z2TlUzSXlRWGJrIiwiYXV0aERvbWFpbiI6InBoYXJtYWN5dG9vbHMuZmlyZWJhc2VhcHAuY29tIiwibWVzc2FnaW5nU2VuZGVySWQiOiI4MDcwMjg4NzU0MzYiLCJtZWFzdXJlbWVudElkIjoiRy0wNEJXNUNUUlZDIiwicHJvamVjdE51bWJlciI6IjgwNzAyODg3NTQzNiIsInZlcnNpb24iOiIyIn0sIl9hdXRoVG9rZW5TeW5jVVJMIjoiL19fc2Vzc2lvbiJ9; SameSite=Strict; Expires=2028-01-10T03:07:01.431Z; Path=/;"
            }
          ]
        }
      ],
      "cleanUrls": true,
      "trailingSlash": false,
      "public": ".firebase/pharmacytools/hosting",
      "webFramework": "next_ssr"
    }
  ],
  "functions": [
    {
      "source": ".firebase/pharmacytools/functions",
      "codebase": "firebase-frameworks-pharmacytools"
    }
  ]
}
[debug] [2026-02-14T16:27:01.432Z] > command requires scopes: ["email","openid","https://www.googleapis.com/auth/cloudplatformprojects.readonly","https://www.googleapis.com/auth/firebase","https://www.googleapis.com/auth/cloud-platform"]
[debug] [2026-02-14T16:27:01.432Z] > authorizing via signed-in user (ramyarburhan26@gmail.com)
[debug] [2026-02-14T16:27:01.432Z] [iam] checking project pharmacytools for permissions ["cloudfunctions.functions.create","cloudfunctions.functions.delete","cloudfunctions.functions.get","cloudfunctions.functions.list","cloudfunctions.functions.update","cloudfunctions.operations.get","firebase.projects.get"]
[debug] [2026-02-14T16:27:01.432Z] Checked if tokens are valid: true, expires at: 1771089114555
[debug] [2026-02-14T16:27:01.432Z] Checked if tokens are valid: true, expires at: 1771089114555
[debug] [2026-02-14T16:27:01.433Z] >>> [apiv2][query] POST https://cloudresourcemanager.googleapis.com/v1/projects/pharmacytools:testIamPermissions [none]
[debug] [2026-02-14T16:27:01.433Z] >>> [apiv2][(partial)header] POST https://cloudresourcemanager.googleapis.com/v1/projects/pharmacytools:testIamPermissions x-goog-quota-user=projects/pharmacytools
[debug] [2026-02-14T16:27:01.433Z] >>> [apiv2][body] POST https://cloudresourcemanager.googleapis.com/v1/projects/pharmacytools:testIamPermissions {"permissions":["cloudfunctions.functions.create","cloudfunctions.functions.delete","cloudfunctions.functions.get","cloudfunctions.functions.list","cloudfunctions.functions.update","cloudfunctions.operations.get","firebase.projects.get"]}
[debug] [2026-02-14T16:27:01.743Z] <<< [apiv2][status] POST https://cloudresourcemanager.googleapis.com/v1/projects/pharmacytools:testIamPermissions 200
[debug] [2026-02-14T16:27:01.743Z] <<< [apiv2][body] POST https://cloudresourcemanager.googleapis.com/v1/projects/pharmacytools:testIamPermissions {"permissions":["cloudfunctions.functions.create","cloudfunctions.functions.delete","cloudfunctions.functions.get","cloudfunctions.functions.list","cloudfunctions.functions.update","cloudfunctions.operations.get","firebase.projects.get"]}
[info] 
[info] === Deploying to 'pharmacytools'...
[info] 
[info] i  deploying functions, firestore, hosting 
[debug] [2026-02-14T16:27:01.746Z] Checked if tokens are valid: true, expires at: 1771089114555
[debug] [2026-02-14T16:27:01.746Z] Checked if tokens are valid: true, expires at: 1771089114555
[debug] [2026-02-14T16:27:01.746Z] >>> [apiv2][query] GET https://cloudresourcemanager.googleapis.com/v1/projects/pharmacytools [none]
[debug] [2026-02-14T16:27:02.153Z] <<< [apiv2][status] GET https://cloudresourcemanager.googleapis.com/v1/projects/pharmacytools 200
[debug] [2026-02-14T16:27:02.153Z] <<< [apiv2][body] GET https://cloudresourcemanager.googleapis.com/v1/projects/pharmacytools {"projectNumber":"807028875436","projectId":"pharmacytools","lifecycleState":"ACTIVE","name":"pharmacytools","labels":{"firebase":"enabled","firebase-core":"disabled"},"createTime":"2025-02-16T23:38:54.561434Z"}
[info] i  functions: preparing codebase firebase-frameworks-pharmacytools for deployment 
[info] i  functions: ensuring required API cloudfunctions.googleapis.com is enabled... 
[info] i  functions: ensuring required API cloudbuild.googleapis.com is enabled... 
[info] i  artifactregistry: ensuring required API artifactregistry.googleapis.com is enabled... 
[debug] [2026-02-14T16:27:02.155Z] Checked if tokens are valid: true, expires at: 1771089114555
[debug] [2026-02-14T16:27:02.155Z] Checked if tokens are valid: true, expires at: 1771089114555
[debug] [2026-02-14T16:27:02.155Z] >>> [apiv2][query] GET https://firebase.googleapis.com/v1beta1/projects/pharmacytools/adminSdkConfig [none]
[debug] [2026-02-14T16:27:02.463Z] <<< [apiv2][status] GET https://firebase.googleapis.com/v1beta1/projects/pharmacytools/adminSdkConfig 200
[debug] [2026-02-14T16:27:02.463Z] <<< [apiv2][body] GET https://firebase.googleapis.com/v1beta1/projects/pharmacytools/adminSdkConfig {"projectId":"pharmacytools","storageBucket":"pharmacytools.firebasestorage.app"}
[debug] [2026-02-14T16:27:02.463Z] Checked if tokens are valid: true, expires at: 1771089114555
[debug] [2026-02-14T16:27:02.463Z] Checked if tokens are valid: true, expires at: 1771089114555
[debug] [2026-02-14T16:27:02.463Z] >>> [apiv2][query] GET https://runtimeconfig.googleapis.com/v1beta1/projects/pharmacytools/configs [none]
[debug] [2026-02-14T16:27:02.813Z] <<< [apiv2][status] GET https://runtimeconfig.googleapis.com/v1beta1/projects/pharmacytools/configs 200
[debug] [2026-02-14T16:27:02.813Z] <<< [apiv2][body] GET https://runtimeconfig.googleapis.com/v1beta1/projects/pharmacytools/configs {}
[debug] [2026-02-14T16:27:02.814Z] Validating nodejs source
[warn] ⚠  functions: package.json indicates an outdated version of firebase-functions. Please upgrade using npm install --save firebase-functions@latest in your functions directory. 
[warn] ⚠  functions: Please note that there will be breaking changes when you upgrade. 
[debug] [2026-02-14T16:27:03.355Z] > [functions] package.json contents: {
  "name": "nextjs_kosblog",
  "version": "0.1.0",
  "private": true,
  "dependencies": {
    "@chakra-ui/react": "^3.8.1",
    "@emotion/react": "^11.14.0",
    "@emotion/styled": "^11.14.0",
    "@fortawesome/fontawesome-svg-core": "^6.7.2",
    "@fortawesome/free-solid-svg-icons": "^6.7.2",
    "@fortawesome/react-fontawesome": "^0.2.2",
    "bulma": "^1.0.3",
    "bulma-switch": "^2.0.4",
    "firebase": "^11.4.0",
    "firebase-admin": "^12.0.0",
    "framer-motion": "^11.18.2",
    "lodash": "^4.17.21",
    "lucide-react": "^0.471.0",
    "next": "^16.0.10",
    "react": "^19.2.3",
    "react-dom": "^19.0.0",
    "react-fontawesome": "^1.7.1",
    "sass": "^1.85.0",
    "swr": "^2.3.2",
    "firebase-frameworks": "^0.11.0",
    "firebase-functions": "^6.0.1"
  },
  "main": "server.js",
  "engines": {
    "node": "24"
  }
}
[debug] [2026-02-14T16:27:03.355Z] Building nodejs source
[info] i  functions: Loading and analyzing source code for codebase firebase-frameworks-pharmacytools to determine what to deploy 
[debug] [2026-02-14T16:27:03.356Z] Could not find functions.yaml. Must use http discovery
[debug] [2026-02-14T16:27:03.362Z] Found firebase-functions binary at '/home/ramyar/apps/pharmacytools/.firebase/pharmacytools/functions/node_modules/.bin/firebase-functions'
[info] Serving at port 8977

[debug] [2026-02-14T16:27:03.589Z] Got response from /__/functions.yaml {"endpoints":{"ssrpharmacytools":{"availableMemoryMb":null,"timeoutSeconds":null,"minInstances":null,"maxInstances":null,"ingressSettings":null,"concurrency":null,"serviceAccountEmail":null,"vpc":null,"platform":"gcfv2","region":["europe-west1"],"labels":{},"httpsTrigger":{},"entryPoint":"ssrpharmacytools"}},"specVersion":"v1alpha1","requiredAPIs":[],"extensions":{}}
